#
# A fatal error has been detected by the Java Runtime Environment:
#
#  EXCEPTION_ACCESS_VIOLATION (0xc0000005) at pc=0x10015b99, pid=2700, tid=5860
#
# JRE version: 6.0_21-b07
# Java VM: Java HotSpot(TM) Client VM (17.0-b17 mixed mode, sharing windows-x86 )
# Problematic frame:
# C  [wpcap.dll+0x15b99]
#
# If you would like to submit a bug report, please visit:
#   http://java.sun.com/webapps/bugreport/crash.jsp
# The crash happened outside the Java Virtual Machine in native code.
# See problematic frame for where to report the bug.
#

---------------  T H R E A D  ---------------

Current thread (0x03ec9400):  JavaThread "Thread-1" [_thread_in_native, id=5860, stack(0x04360000,0x043b0000)]

siginfo: ExceptionCode=0xc0000005, reading address 0x00000040

Registers:
EAX=0x00000028, EBX=0x042250f8, ECX=0x00000000, EDX=0x00000000
ESP=0x043af930, EBP=0x00000036, ESI=0x00000038, EDI=0x00000000
EIP=0x10015b99, EFLAGS=0x00010297

Top of Stack: (sp=0x043af930)
0x043af930:   043af968 ffffffff 042250f8 043af990
0x043af940:   00000028 10016810 04232c4c ffffffff
0x043af950:   63b458fc 043af990 03ec9400 33c52e88
0x043af960:   33c52e88 043afbac 043af9e8 63b41fdc
0x043af970:   042250f8 ffffffff 63b458fc 043af990
0x043af980:   03ec9400 01a5974c 33cdc3d0 01a06554
0x043af990:   042250f8 019f531c 03ec9518 043afa60
0x043af9a0:   043afa6c 00000000 043afa5c 043afa50 

Instructions: (pc=0x10015b99)
0x10015b89:   18 0f 83 f3 00 00 00 8b 8b 38 02 00 00 83 f9 01
0x10015b99:   8b 6e 08 0f b7 7e 10 75 22 8d 42 01 99 f7 bb 3c 


Stack: [0x04360000,0x043b0000],  sp=0x043af930,  free space=13e043af44ck
Native frames: (J=compiled Java code, j=interpreted, Vv=VM code, C=native code)
C  [wpcap.dll+0x15b99]

Java frames: (J=compiled Java code, j=interpreted, Vv=VM code)
j  org.jnetpcap.Pcap.loop(IILorg/jnetpcap/packet/PcapPacketHandler;Ljava/lang/Object;Lorg/jnetpcap/packet/JPacket;Lorg/jnetpcap/packet/JPacket$State;Lorg/jnetpcap/PcapHeader;Lorg/jnetpcap/packet/JScanner;)I+0
j  org.jnetpcap.Pcap.loop(ILorg/jnetpcap/packet/PcapPacketHandler;Ljava/lang/Object;)I+35
j  Network.ListenThread.run()V+63
v  ~StubRoutines::call_stub

---------------  P R O C E S S  ---------------

Java Threads: ( => current thread )
  0x03ffdc00 JavaThread "D3D Screen Updater" daemon [_thread_blocked, id=5580, stack(0x070a0000,0x070f0000)]
  0x0404a400 JavaThread "Timer-0" [_thread_blocked, id=3992, stack(0x07050000,0x070a0000)]
  0x03f3fc00 JavaThread "Image Fetcher 1" daemon [_thread_blocked, id=6136, stack(0x06fe0000,0x07030000)]
  0x03f3b800 JavaThread "Image Fetcher 0" daemon [_thread_blocked, id=3364, stack(0x06f00000,0x06f50000)]
  0x00139400 JavaThread "DestroyJavaVM" [_thread_blocked, id=5308, stack(0x00500000,0x00550000)]
  0x03ee5c00 JavaThread "AWT-EventQueue-0" [_thread_blocked, id=4452, stack(0x04a00000,0x04a50000)]
  0x03ee6800 JavaThread "AWT-Windows" daemon [_thread_in_native, id=4792, stack(0x04670000,0x046c0000)]
  0x03ee6000 JavaThread "AWT-Shutdown" [_thread_blocked, id=4808, stack(0x04620000,0x04670000)]
  0x03ed9400 JavaThread "Java2D Disposer" daemon [_thread_blocked, id=5352, stack(0x045d0000,0x04620000)]
  0x03edb800 JavaThread "DisposableGC" daemon [_thread_blocked, id=2324, stack(0x04460000,0x044b0000)]
=>0x03ec9400 JavaThread "Thread-1" [_thread_in_native, id=5860, stack(0x04360000,0x043b0000)]
  0x03ecb000 JavaThread "Thread-0" [_thread_in_native, id=1772, stack(0x04310000,0x04360000)]
  0x01a50000 JavaThread "Low Memory Detector" daemon [_thread_blocked, id=5456, stack(0x03dc0000,0x03e10000)]
  0x01a4e400 JavaThread "CompilerThread0" daemon [_thread_blocked, id=1328, stack(0x03d70000,0x03dc0000)]
  0x01a4cc00 JavaThread "Attach Listener" daemon [_thread_blocked, id=4732, stack(0x03d20000,0x03d70000)]
  0x01a49c00 JavaThread "Signal Dispatcher" daemon [_thread_blocked, id=5344, stack(0x03cd0000,0x03d20000)]
  0x01a06800 JavaThread "Finalizer" daemon [_thread_blocked, id=5780, stack(0x03c80000,0x03cd0000)]
  0x01a01c00 JavaThread "Reference Handler" daemon [_thread_blocked, id=6000, stack(0x03c30000,0x03c80000)]

Other Threads:
  0x01a00c00 VMThread [stack: 0x03be0000,0x03c30000] [id=5748]
  0x01a57c00 WatcherThread [stack: 0x03e10000,0x03e60000] [id=5660]

VM state:not at safepoint (normal execution)

VM Mutex/Monitor currently owned by a thread: None

Heap
 def new generation   total 4928K, used 3425K [0x23be0000, 0x24130000, 0x29130000)
  eden space 4416K,  76% used [0x23be0000, 0x23f2f508, 0x24030000)
  from space 512K,  15% used [0x24030000, 0x240440b0, 0x240b0000)
  to   space 512K,   0% used [0x240b0000, 0x240b0000, 0x24130000)
 tenured generation   total 10944K, used 1875K [0x29130000, 0x29be0000, 0x33be0000)
   the space 10944K,  17% used [0x29130000, 0x29304e08, 0x29305000, 0x29be0000)
 compacting perm gen  total 12288K, used 2132K [0x33be0000, 0x347e0000, 0x37be0000)
   the space 12288K,  17% used [0x33be0000, 0x33df5098, 0x33df5200, 0x347e0000)
    ro space 10240K,  54% used [0x37be0000, 0x3815c0f0, 0x3815c200, 0x385e0000)
    rw space 12288K,  55% used [0x385e0000, 0x38c7fb80, 0x38c7fc00, 0x391e0000)

Dynamic libraries:
0x00400000 - 0x00424000 	C:\Program Files\Java\jdk1.6.0_21\jre\bin\java.exe
0x77150000 - 0x7728c000 	C:\Windows\SYSTEM32\ntdll.dll
0x75df0000 - 0x75ec4000 	C:\Windows\system32\kernel32.dll
0x75520000 - 0x7556a000 	C:\Windows\system32\KERNELBASE.dll
0x75970000 - 0x75a10000 	C:\Windows\system32\ADVAPI32.dll
0x755f0000 - 0x7569c000 	C:\Windows\system32\msvcrt.dll
0x76160000 - 0x76179000 	C:\Windows\SYSTEM32\sechost.dll
0x75d40000 - 0x75de1000 	C:\Windows\system32\RPCRT4.dll
0x7c340000 - 0x7c396000 	C:\Program Files\Java\jdk1.6.0_21\jre\bin\msvcr71.dll
0x6d8b0000 - 0x6db57000 	C:\Program Files\Java\jdk1.6.0_21\jre\bin\client\jvm.dll
0x75f30000 - 0x75ff9000 	C:\Windows\system32\USER32.dll
0x75b60000 - 0x75bae000 	C:\Windows\system32\GDI32.dll
0x75960000 - 0x7596a000 	C:\Windows\system32\LPK.dll
0x772e0000 - 0x7737d000 	C:\Windows\system32\USP10.dll
0x73ef0000 - 0x73f22000 	C:\Windows\system32\WINMM.dll
0x76dd0000 - 0x76def000 	C:\Windows\system32\IMM32.DLL
0x75a90000 - 0x75b5c000 	C:\Windows\system32\MSCTF.dll
0x75200000 - 0x7524c000 	C:\Windows\system32\apphelp.dll
0x6d860000 - 0x6d86c000 	C:\Program Files\Java\jdk1.6.0_21\jre\bin\verify.dll
0x6d3e0000 - 0x6d3ff000 	C:\Program Files\Java\jdk1.6.0_21\jre\bin\java.dll
0x6d340000 - 0x6d348000 	C:\Program Files\Java\jdk1.6.0_21\jre\bin\hpi.dll
0x77290000 - 0x77295000 	C:\Windows\system32\PSAPI.DLL
0x6d8a0000 - 0x6d8af000 	C:\Program Files\Java\jdk1.6.0_21\jre\bin\zip.dll
0x63b40000 - 0x63b6b000 	C:\Windows\jnetpcap.dll
0x10000000 - 0x1004c000 	C:\Windows\system32\wpcap.dll
0x772a0000 - 0x772d5000 	C:\Windows\system32\WS2_32.dll
0x75bb0000 - 0x75bb6000 	C:\Windows\system32\NSI.dll
0x04070000 - 0x04088000 	C:\Windows\system32\packet.dll
0x74890000 - 0x74899000 	C:\Windows\system32\VERSION.dll
0x71800000 - 0x7181c000 	C:\Windows\system32\iphlpapi.dll
0x717f0000 - 0x717f7000 	C:\Windows\system32\WINNSI.DLL
0x715d0000 - 0x715dd000 	C:\Windows\system32\dhcpcsvc6.DLL
0x715e0000 - 0x715f2000 	C:\Windows\system32\dhcpcsvc.DLL
0x6d0b0000 - 0x6d1fa000 	C:\Program Files\Java\jdk1.6.0_21\jre\bin\awt.dll
0x72c60000 - 0x72cb1000 	C:\Windows\system32\WINSPOOL.DRV
0x76000000 - 0x7615c000 	C:\Windows\system32\ole32.dll
0x741e0000 - 0x7437e000 	C:\Windows\WinSxS\x86_microsoft.windows.common-controls_6595b64144ccf1df_6.0.7601.17514_none_41e6975e2bd6f2b2\COMCTL32.dll
0x75ed0000 - 0x75f27000 	C:\Windows\system32\SHLWAPI.dll
0x73bc0000 - 0x73bd3000 	C:\Windows\system32\DWMAPI.DLL
0x73e80000 - 0x73ec0000 	C:\Windows\system32\uxtheme.dll
0x046c0000 - 0x04718000 	E:\Program Files\360\360Safe\safemon\safemon.dll
0x76180000 - 0x76dca000 	C:\Windows\system32\SHELL32.dll
0x770c0000 - 0x7714f000 	C:\Windows\system32\OLEAUT32.dll
0x6c600000 - 0x6c666000 	C:\Windows\system32\MSVCP60.dll
0x756a0000 - 0x757ba000 	C:\Windows\system32\WININET.dll
0x75bc0000 - 0x75bc3000 	C:\Windows\system32\Normaliz.dll
0x76f00000 - 0x770b6000 	C:\Windows\system32\iertutil.dll
0x76df0000 - 0x76f00000 	C:\Windows\system32\urlmon.dll
0x04820000 - 0x0489c000 	C:\Program Files\DigitalPersona\Bin\DpoFeedb.dll
0x74910000 - 0x74927000 	C:\Windows\system32\USERENV.dll
0x752f0000 - 0x752fb000 	C:\Windows\system32\profapi.dll
0x752e0000 - 0x752ec000 	C:\Windows\system32\CRYPTBASE.dll
0x049a0000 - 0x049fb000 	C:\Program Files\DigitalPersona\Bin\DpoSet.dll
0x6d2e0000 - 0x6d334000 	C:\Program Files\Java\jdk1.6.0_21\jre\bin\fontmanager.dll
0x64db0000 - 0x64f73000 	C:\Windows\system32\d3d9.dll
0x73fb0000 - 0x73fb6000 	C:\Windows\system32\d3d8thk.dll
0x04c00000 - 0x051e1000 	C:\Windows\system32\nvd3dum.dll
0x6d6c0000 - 0x6d6d3000 	C:\Program Files\Java\jdk1.6.0_21\jre\bin\net.dll
0x74d50000 - 0x74d8c000 	C:\Windows\system32\mswsock.dll
0x74ef0000 - 0x74ef6000 	C:\Windows\System32\wship6.dll
0x6d6e0000 - 0x6d6e9000 	C:\Program Files\Java\jdk1.6.0_21\jre\bin\nio.dll

VM Arguments:
jvm_args: -Dfile.encoding=UTF-8 
java_command: Presentation.Main
Launcher Type: SUN_STANDARD

Environment Variables:
PATH=C:\Program Files\Common Files\Microsoft Shared\Windows Live;C:\Windows\system32;C:\Windows;C:\Windows\System32\Wbem;C:\Windows\System32\WindowsPowerShell\v1.0\;C:\Program Files\Common Files\Thunder Network\KanKan\Codecs;C:\Program Files\Broadcom\Broadcom 802.11\Driver;c:\Program Files\Microsoft SQL Server\100\Tools\Binn\;c:\Program Files\Microsoft SQL Server\100\DTS\Binn\;C:\Program Files\TortoiseSVN\bin;C:\Program Files\Microsoft SQL Server\100\Tools\Binn\VSShell\Common7\IDE\;C:\Program Files\Microsoft Visual Studio 9.0\Common7\IDE\PrivateAssemblies\;C:\Program Files\TortoiseGit\bin;C:\Program Files\Windows Live\Shared;C:\android-sdk-windows\platform-tools
USERNAME=YQ
OS=Windows_NT
PROCESSOR_IDENTIFIER=x86 Family 6 Model 23 Stepping 6, GenuineIntel



---------------  S Y S T E M  ---------------

OS: Windows 7 Build 7601 Service Pack 1

CPU:total 2 (2 cores per cpu, 1 threads per core) family 6 model 23 stepping 6, cmov, cx8, fxsr, mmx, sse, sse2, sse3, ssse3, sse4.1

Memory: 4k page, physical 3142868k(1220624k free), swap 6283980k(4184700k free)

vm_info: Java HotSpot(TM) Client VM (17.0-b17) for windows-x86 JRE (1.6.0_21-b07), built on Jul 17 2010 01:10:15 by "java_re" with MS VC++ 7.1 (VS2003)

time: Fri May 20 21:52:04 2011
elapsed time: 3 seconds

